<?xml version="1.0" encoding="UTF-8"?>
<!-- Generated by org.testng.reporters.JUnitReportReporter -->
<testsuite hostname="Aibin" failures="0" tests="1" name="com.DemoPos.Script.HomeTest" time="0.403" errors="0" timestamp="2023-07-01T10:22:55 IST" skipped="0">
  <testcase classname="com.DemoPos.Script.HomeTest" name="verifyPurchasePaymentDueList" time="0.403"/>
  <system-out/>
</testsuite> <!-- com.DemoPos.Script.HomeTest -->
