<?xml version="1.0" encoding="UTF-8"?>
<!-- Generated by org.testng.reporters.JUnitReportReporter -->
<testsuite hostname="Aibin" failures="0" tests="3" name="com.DemoPos.Script.RolesTest" time="10.901" errors="0" timestamp="2023-07-01T10:22:55 IST" skipped="1">
  <testcase classname="com.DemoPos.Script.RolesTest" name="verifyAddNewRole" time="6.912"/>
  <system-out/>
  <testcase classname="com.DemoPos.Script.RolesTest" name="verifyDeleteRole" time="2.090">
    <skipped/>
  </testcase> <!-- verifyDeleteRole -->
  <system-out/>
  <testcase classname="com.DemoPos.Script.RolesTest" name="verifyDeleteRole" time="1.899"/>
  <system-out/>
</testsuite> <!-- com.DemoPos.Script.RolesTest -->
