<?xml version="1.0" encoding="UTF-8"?>
<!-- Generated by org.testng.reporters.JUnitReportReporter -->
<testsuite hostname="Aibin" failures="0" tests="1" name="com.DemoPos.Script.HomeTest" time="0.427" errors="0" timestamp="2023-06-29T19:44:40 IST" skipped="0">
  <testcase classname="com.DemoPos.Script.HomeTest" name="verifyPurchasePaymentDueList" time="0.427"/>
</testsuite> <!-- com.DemoPos.Script.HomeTest -->
