<?xml version="1.0" encoding="UTF-8"?>
<!-- Generated by org.testng.reporters.JUnitReportReporter -->
<testsuite hostname="Aibin" failures="0" tests="2" name="com.DemoPos.Script.ContactsTest" time="6.793" errors="0" timestamp="2023-07-01T10:22:55 IST" skipped="0">
  <testcase classname="com.DemoPos.Script.ContactsTest" name="verifyEditCostumerGroup" time="3.006"/>
  <system-out/>
  <testcase classname="com.DemoPos.Script.ContactsTest" name="verifyFileUpload" time="3.787"/>
  <system-out/>
</testsuite> <!-- com.DemoPos.Script.ContactsTest -->
