<?xml version="1.0" encoding="UTF-8"?>
<!-- Generated by org.testng.reporters.JUnitReportReporter -->
<testsuite hostname="Aibin" name="com.DemoPos.Script.HomeTest" tests="2" failures="0" timestamp="22 Jun 2023 16:22:46 GMT" time="2.795" errors="0">
  <testcase name="verifyScroll" time="0.080" classname="com.DemoPos.Script.HomeTest"/>
  <testcase name="verifyPrintPdroctStockAlert" time="2.715" classname="com.DemoPos.Script.HomeTest"/>
</testsuite> <!-- com.DemoPos.Script.HomeTest -->
