<?xml version="1.0" encoding="UTF-8"?>
<!-- Generated by org.testng.reporters.JUnitReportReporter -->
<testsuite hostname="Aibin" failures="0" tests="4" name="com.DemoPos.Script.LoginTest" time="5.846" errors="0" timestamp="2023-07-01T10:22:55 IST" skipped="0">
  <testcase classname="com.DemoPos.Script.LoginTest" name="verifySigninInvalidUserInvalidpass" time="0.970"/>
  <system-out/>
  <testcase classname="com.DemoPos.Script.LoginTest" name="verifySigninInvalidUserValidpass" time="0.700"/>
  <system-out/>
  <testcase classname="com.DemoPos.Script.LoginTest" name="verifySigninValidUserInvalidpass" time="0.760"/>
  <system-out/>
  <testcase classname="com.DemoPos.Script.LoginTest" name="verifySigninValidUserValidpass" time="3.416"/>
  <system-out/>
</testsuite> <!-- com.DemoPos.Script.LoginTest -->
