<?xml version="1.0" encoding="UTF-8"?>
<!-- Generated by org.testng.reporters.JUnitReportReporter -->
<testsuite hostname="Aibin" name="com.DemoPos.Script.UsersTest" tests="4" failures="0" timestamp="22 Jun 2023 16:22:46 GMT" time="4.188" errors="0">
  <testcase name="verifyClickUserMnagement" time="1.472" classname="com.DemoPos.Script.UsersTest"/>
  <testcase name="verifyAddUser" time="1.854" classname="com.DemoPos.Script.UsersTest"/>
  <testcase name="verifyRoleSelection" time="0.406" classname="com.DemoPos.Script.UsersTest"/>
  <testcase name="verifyenterFirstName" time="0.456" classname="com.DemoPos.Script.UsersTest"/>
</testsuite> <!-- com.DemoPos.Script.UsersTest -->
