<?xml version="1.0" encoding="UTF-8"?>
<!-- Generated by org.testng.reporters.JUnitReportReporter -->
<testsuite hostname="Aibin" failures="0" tests="2" name="com.DemoPos.Script.ContactsTest" time="5.151" errors="0" timestamp="2023-06-29T19:44:40 IST" skipped="0">
  <testcase classname="com.DemoPos.Script.ContactsTest" name="verifyEditCostumerGroup" time="2.537"/>
  <testcase classname="com.DemoPos.Script.ContactsTest" name="verifyFileUpload" time="2.614"/>
</testsuite> <!-- com.DemoPos.Script.ContactsTest -->
