<?xml version="1.0" encoding="UTF-8"?>
<!-- Generated by org.testng.reporters.JUnitReportReporter -->
<testsuite hostname="Aibin" failures="0" tests="4" name="com.DemoPos.Script.LoginTest" time="4.108" errors="0" timestamp="2023-06-29T19:44:40 IST" skipped="0">
  <testcase classname="com.DemoPos.Script.LoginTest" name="verifySigninInvalidUserInvalidpass" time="0.651"/>
  <testcase classname="com.DemoPos.Script.LoginTest" name="verifySigninInvalidUserValidpass" time="0.535"/>
  <testcase classname="com.DemoPos.Script.LoginTest" name="verifySigninValidUserInvalidpass" time="0.568"/>
  <testcase classname="com.DemoPos.Script.LoginTest" name="verifySigninValidUserValidpass" time="2.354"/>
</testsuite> <!-- com.DemoPos.Script.LoginTest -->
