<?xml version="1.0" encoding="UTF-8"?>
<!-- Generated by org.testng.reporters.JUnitReportReporter -->
<testsuite hostname="Aibin" failures="0" tests="3" name="com.DemoPos.Script.RolesTest" time="10.298" errors="0" timestamp="2023-06-29T19:44:40 IST" skipped="1">
  <testcase classname="com.DemoPos.Script.RolesTest" name="verifyAddNewRole" time="6.606"/>
  <testcase classname="com.DemoPos.Script.RolesTest" name="verifyDeleteRole" time="1.765"/>
  <testcase classname="com.DemoPos.Script.RolesTest" name="verifyDeleteRole" time="1.927">
    <skipped/>
  </testcase> <!-- verifyDeleteRole -->
</testsuite> <!-- com.DemoPos.Script.RolesTest -->
